<?xml version="1.0" encoding="UTF-8"?>
<testsuite xmlns:xsi="http://www.w3.org/2001/XMLSchema-instance" xsi:noNamespaceSchemaLocation="https://maven.apache.org/surefire/maven-surefire-plugin/xsd/surefire-test-report.xsd" name="ru.yandex.sprint3.CreateCourierTest" time="5.98" tests="7" errors="0" skipped="0" failures="0">
  <properties>
    <property name="sun.desktop" value="windows"/>
    <property name="awt.toolkit" value="sun.awt.windows.WToolkit"/>
    <property name="java.specification.version" value="11"/>
    <property name="sun.cpu.isalist" value="amd64"/>
    <property name="sun.jnu.encoding" value="Cp1252"/>
    <property name="java.class.path" value="C:\projects\Sprint_3\target\test-classes;C:\projects\Sprint_3\target\classes;C:\Users\Kim_Pykhov\.m2\repository\io\qameta\allure\allure-junit4\2.15.0\allure-junit4-2.15.0.jar;C:\Users\Kim_Pykhov\.m2\repository\io\qameta\allure\allure-java-commons\2.15.0\allure-java-commons-2.15.0.jar;C:\Users\Kim_Pykhov\.m2\repository\org\slf4j\slf4j-api\1.7.30\slf4j-api-1.7.30.jar;C:\Users\Kim_Pykhov\.m2\repository\io\qameta\allure\allure-model\2.15.0\allure-model-2.15.0.jar;C:\Users\Kim_Pykhov\.m2\repository\io\qameta\allure\allure-rest-assured\2.15.0\allure-rest-assured-2.15.0.jar;C:\Users\Kim_Pykhov\.m2\repository\io\qameta\allure\allure-attachments\2.15.0\allure-attachments-2.15.0.jar;C:\Users\Kim_Pykhov\.m2\repository\org\freemarker\freemarker\2.3.31\freemarker-2.3.31.jar;C:\Users\Kim_Pykhov\.m2\repository\io\rest-assured\rest-assured\4.4.0\rest-assured-4.4.0.jar;C:\Users\Kim_Pykhov\.m2\repository\org\codehaus\groovy\groovy\3.0.8\groovy-3.0.8.jar;C:\Users\Kim_Pykhov\.m2\repository\org\codehaus\groovy\groovy-xml\3.0.8\groovy-xml-3.0.8.jar;C:\Users\Kim_Pykhov\.m2\repository\org\apache\httpcomponents\httpclient\4.5.13\httpclient-4.5.13.jar;C:\Users\Kim_Pykhov\.m2\repository\org\apache\httpcomponents\httpcore\4.4.13\httpcore-4.4.13.jar;C:\Users\Kim_Pykhov\.m2\repository\commons-logging\commons-logging\1.2\commons-logging-1.2.jar;C:\Users\Kim_Pykhov\.m2\repository\commons-codec\commons-codec\1.11\commons-codec-1.11.jar;C:\Users\Kim_Pykhov\.m2\repository\org\apache\httpcomponents\httpmime\4.5.13\httpmime-4.5.13.jar;C:\Users\Kim_Pykhov\.m2\repository\org\hamcrest\hamcrest\2.1\hamcrest-2.1.jar;C:\Users\Kim_Pykhov\.m2\repository\org\ccil\cowan\tagsoup\tagsoup\1.2.1\tagsoup-1.2.1.jar;C:\Users\Kim_Pykhov\.m2\repository\io\rest-assured\json-path\4.4.0\json-path-4.4.0.jar;C:\Users\Kim_Pykhov\.m2\repository\org\codehaus\groovy\groovy-json\3.0.8\groovy-json-3.0.8.jar;C:\Users\Kim_Pykhov\.m2\repository\io\rest-assured\rest-assured-common\4.4.0\rest-assured-common-4.4.0.jar;C:\Users\Kim_Pykhov\.m2\repository\io\rest-assured\xml-path\4.4.0\xml-path-4.4.0.jar;C:\Users\Kim_Pykhov\.m2\repository\org\apache\commons\commons-lang3\3.11\commons-lang3-3.11.jar;C:\Users\Kim_Pykhov\.m2\repository\jakarta\xml\bind\jakarta.xml.bind-api\2.3.3\jakarta.xml.bind-api-2.3.3.jar;C:\Users\Kim_Pykhov\.m2\repository\jakarta\activation\jakarta.activation-api\1.2.2\jakarta.activation-api-1.2.2.jar;C:\Users\Kim_Pykhov\.m2\repository\com\sun\xml\bind\jaxb-impl\2.3.3\jaxb-impl-2.3.3.jar;C:\Users\Kim_Pykhov\.m2\repository\junit\junit\4.13.2\junit-4.13.2.jar;C:\Users\Kim_Pykhov\.m2\repository\org\hamcrest\hamcrest-core\1.3\hamcrest-core-1.3.jar;C:\Users\Kim_Pykhov\.m2\repository\org\mockito\mockito-core\3.12.4\mockito-core-3.12.4.jar;C:\Users\Kim_Pykhov\.m2\repository\net\bytebuddy\byte-buddy-agent\1.11.13\byte-buddy-agent-1.11.13.jar;C:\Users\Kim_Pykhov\.m2\repository\org\objenesis\objenesis\3.2\objenesis-3.2.jar;C:\Users\Kim_Pykhov\.m2\repository\net\bytebuddy\byte-buddy\1.11.16\byte-buddy-1.11.16.jar;C:\Users\Kim_Pykhov\.m2\repository\com\thegoate\restassured\0.15.8.202203012210\restassured-0.15.8.202203012210.jar;C:\Users\Kim_Pykhov\.m2\repository\com\github\dzieciou\testing\curl-logger\2.0.1\curl-logger-2.0.1.jar;C:\Users\Kim_Pykhov\.m2\repository\com\thegoate\kernel\0.15.8.202203012210\kernel-0.15.8.202203012210.jar;C:\Users\Kim_Pykhov\.m2\repository\org\atteo\classindex\classindex\3.11\classindex-3.11.jar;C:\Users\Kim_Pykhov\.m2\repository\com\thegoate\rest\0.15.8.202203012210\rest-0.15.8.202203012210.jar;C:\Users\Kim_Pykhov\.m2\repository\com\fasterxml\jackson\core\jackson-databind\2.13.0\jackson-databind-2.13.0.jar;C:\Users\Kim_Pykhov\.m2\repository\com\fasterxml\jackson\core\jackson-annotations\2.13.0\jackson-annotations-2.13.0.jar;C:\Users\Kim_Pykhov\.m2\repository\com\fasterxml\jackson\core\jackson-core\2.13.0\jackson-core-2.13.0.jar;"/>
    <property name="java.vm.vendor" value="Azul Systems, Inc."/>
    <property name="sun.arch.data.model" value="64"/>
    <property name="user.variant" value=""/>
    <property name="java.vendor.url" value="http://www.azul.com/"/>
    <property name="user.timezone" value="Europe/Moscow"/>
    <property name="java.vm.specification.version" value="11"/>
    <property name="os.name" value="Windows 10"/>
    <property name="sun.java.launcher" value="SUN_STANDARD"/>
    <property name="user.country" value="US"/>
    <property name="sun.boot.library.path" value="C:\Program Files\Zulu\zulu-11\bin"/>
    <property name="sun.java.command" value="C:\Users\KIM_PY~1\AppData\Local\Temp\surefire12053897463067137908\surefirebooter71407876785636286.jar C:\Users\Kim_Pykhov\AppData\Local\Temp\surefire12053897463067137908 2022-06-12T16-43-26_497-jvmRun1 surefire5023438473414460556tmp surefire_09193063270410384663tmp"/>
    <property name="jdk.debug" value="release"/>
    <property name="surefire.test.class.path" value="C:\projects\Sprint_3\target\test-classes;C:\projects\Sprint_3\target\classes;C:\Users\Kim_Pykhov\.m2\repository\io\qameta\allure\allure-junit4\2.15.0\allure-junit4-2.15.0.jar;C:\Users\Kim_Pykhov\.m2\repository\io\qameta\allure\allure-java-commons\2.15.0\allure-java-commons-2.15.0.jar;C:\Users\Kim_Pykhov\.m2\repository\org\slf4j\slf4j-api\1.7.30\slf4j-api-1.7.30.jar;C:\Users\Kim_Pykhov\.m2\repository\io\qameta\allure\allure-model\2.15.0\allure-model-2.15.0.jar;C:\Users\Kim_Pykhov\.m2\repository\io\qameta\allure\allure-rest-assured\2.15.0\allure-rest-assured-2.15.0.jar;C:\Users\Kim_Pykhov\.m2\repository\io\qameta\allure\allure-attachments\2.15.0\allure-attachments-2.15.0.jar;C:\Users\Kim_Pykhov\.m2\repository\org\freemarker\freemarker\2.3.31\freemarker-2.3.31.jar;C:\Users\Kim_Pykhov\.m2\repository\io\rest-assured\rest-assured\4.4.0\rest-assured-4.4.0.jar;C:\Users\Kim_Pykhov\.m2\repository\org\codehaus\groovy\groovy\3.0.8\groovy-3.0.8.jar;C:\Users\Kim_Pykhov\.m2\repository\org\codehaus\groovy\groovy-xml\3.0.8\groovy-xml-3.0.8.jar;C:\Users\Kim_Pykhov\.m2\repository\org\apache\httpcomponents\httpclient\4.5.13\httpclient-4.5.13.jar;C:\Users\Kim_Pykhov\.m2\repository\org\apache\httpcomponents\httpcore\4.4.13\httpcore-4.4.13.jar;C:\Users\Kim_Pykhov\.m2\repository\commons-logging\commons-logging\1.2\commons-logging-1.2.jar;C:\Users\Kim_Pykhov\.m2\repository\commons-codec\commons-codec\1.11\commons-codec-1.11.jar;C:\Users\Kim_Pykhov\.m2\repository\org\apache\httpcomponents\httpmime\4.5.13\httpmime-4.5.13.jar;C:\Users\Kim_Pykhov\.m2\repository\org\hamcrest\hamcrest\2.1\hamcrest-2.1.jar;C:\Users\Kim_Pykhov\.m2\repository\org\ccil\cowan\tagsoup\tagsoup\1.2.1\tagsoup-1.2.1.jar;C:\Users\Kim_Pykhov\.m2\repository\io\rest-assured\json-path\4.4.0\json-path-4.4.0.jar;C:\Users\Kim_Pykhov\.m2\repository\org\codehaus\groovy\groovy-json\3.0.8\groovy-json-3.0.8.jar;C:\Users\Kim_Pykhov\.m2\repository\io\rest-assured\rest-assured-common\4.4.0\rest-assured-common-4.4.0.jar;C:\Users\Kim_Pykhov\.m2\repository\io\rest-assured\xml-path\4.4.0\xml-path-4.4.0.jar;C:\Users\Kim_Pykhov\.m2\repository\org\apache\commons\commons-lang3\3.11\commons-lang3-3.11.jar;C:\Users\Kim_Pykhov\.m2\repository\jakarta\xml\bind\jakarta.xml.bind-api\2.3.3\jakarta.xml.bind-api-2.3.3.jar;C:\Users\Kim_Pykhov\.m2\repository\jakarta\activation\jakarta.activation-api\1.2.2\jakarta.activation-api-1.2.2.jar;C:\Users\Kim_Pykhov\.m2\repository\com\sun\xml\bind\jaxb-impl\2.3.3\jaxb-impl-2.3.3.jar;C:\Users\Kim_Pykhov\.m2\repository\junit\junit\4.13.2\junit-4.13.2.jar;C:\Users\Kim_Pykhov\.m2\repository\org\hamcrest\hamcrest-core\1.3\hamcrest-core-1.3.jar;C:\Users\Kim_Pykhov\.m2\repository\org\mockito\mockito-core\3.12.4\mockito-core-3.12.4.jar;C:\Users\Kim_Pykhov\.m2\repository\net\bytebuddy\byte-buddy-agent\1.11.13\byte-buddy-agent-1.11.13.jar;C:\Users\Kim_Pykhov\.m2\repository\org\objenesis\objenesis\3.2\objenesis-3.2.jar;C:\Users\Kim_Pykhov\.m2\repository\net\bytebuddy\byte-buddy\1.11.16\byte-buddy-1.11.16.jar;C:\Users\Kim_Pykhov\.m2\repository\com\thegoate\restassured\0.15.8.202203012210\restassured-0.15.8.202203012210.jar;C:\Users\Kim_Pykhov\.m2\repository\com\github\dzieciou\testing\curl-logger\2.0.1\curl-logger-2.0.1.jar;C:\Users\Kim_Pykhov\.m2\repository\com\thegoate\kernel\0.15.8.202203012210\kernel-0.15.8.202203012210.jar;C:\Users\Kim_Pykhov\.m2\repository\org\atteo\classindex\classindex\3.11\classindex-3.11.jar;C:\Users\Kim_Pykhov\.m2\repository\com\thegoate\rest\0.15.8.202203012210\rest-0.15.8.202203012210.jar;C:\Users\Kim_Pykhov\.m2\repository\com\fasterxml\jackson\core\jackson-databind\2.13.0\jackson-databind-2.13.0.jar;C:\Users\Kim_Pykhov\.m2\repository\com\fasterxml\jackson\core\jackson-annotations\2.13.0\jackson-annotations-2.13.0.jar;C:\Users\Kim_Pykhov\.m2\repository\com\fasterxml\jackson\core\jackson-core\2.13.0\jackson-core-2.13.0.jar;"/>
    <property name="sun.cpu.endian" value="little"/>
    <property name="allure.results.directory" value="C:\projects\Sprint_3\target/allure-results"/>
    <property name="user.home" value="C:\Users\Kim_Pykhov"/>
    <property name="user.language" value="en"/>
    <property name="java.specification.vendor" value="Oracle Corporation"/>
    <property name="java.version.date" value="2021-07-20"/>
    <property name="java.home" value="C:\Program Files\Zulu\zulu-11"/>
    <property name="file.separator" value="\"/>
    <property name="basedir" value="C:\projects\Sprint_3"/>
    <property name="java.vm.compressedOopsMode" value="Zero based"/>
    <property name="line.separator" value="&#10;"/>
    <property name="java.specification.name" value="Java Platform API Specification"/>
    <property name="java.vm.specification.vendor" value="Oracle Corporation"/>
    <property name="jdk.vendor.version" value="Zulu11.50+19-CA"/>
    <property name="java.awt.graphicsenv" value="sun.awt.Win32GraphicsEnvironment"/>
    <property name="surefire.real.class.path" value="C:\Users\KIM_PY~1\AppData\Local\Temp\surefire12053897463067137908\surefirebooter71407876785636286.jar"/>
    <property name="user.script" value=""/>
    <property name="sun.management.compiler" value="HotSpot 64-Bit Tiered Compilers"/>
    <property name="java.runtime.version" value="11.0.12+7-LTS"/>
    <property name="user.name" value="Kim_Pykhov"/>
    <property name="path.separator" value=";"/>
    <property name="os.version" value="10.0"/>
    <property name="java.runtime.name" value="OpenJDK Runtime Environment"/>
    <property name="file.encoding" value="Cp1252"/>
    <property name="java.vm.name" value="OpenJDK 64-Bit Server VM"/>
    <property name="java.vendor.version" value="Zulu11.50+19-CA"/>
    <property name="localRepository" value="C:\Users\Kim_Pykhov\.m2\repository"/>
    <property name="java.vendor.url.bug" value="http://www.azul.com/support/"/>
    <property name="java.io.tmpdir" value="C:\Users\KIM_PY~1\AppData\Local\Temp\"/>
    <property name="java.version" value="11.0.12"/>
    <property name="user.dir" value="C:\projects\Sprint_3"/>
    <property name="os.arch" value="amd64"/>
    <property name="java.vm.specification.name" value="Java Virtual Machine Specification"/>
    <property name="java.awt.printerjob" value="sun.awt.windows.WPrinterJob"/>
    <property name="sun.os.patch.level" value=""/>
    <property name="java.library.path" value="C:\Program Files\Zulu\zulu-11\bin;C:\Windows\Sun\Java\bin;C:\Windows\system32;C:\Windows;C:\Users\Kim_Pykhov\bin;C:\Program Files\Git\mingw64\bin;C:\Program Files\Git\usr\local\bin;C:\Program Files\Git\usr\bin;C:\Program Files\Git\usr\bin;C:\Program Files\Git\mingw64\bin;C:\Program Files\Git\usr\bin;C:\Users\Kim_Pykhov\bin;C:\Program Files (x86)\Amazon Corretto\jdk11.0.13_8\bin;C:\Program Files\Zulu\zulu-11\bin;C:\Windows\system32;C:\Windows;C:\Windows\System32\Wbem;C:\Windows\System32\WindowsPowerShell\v1.0;C:\Windows\System32\OpenSSH;C:\Program Files (x86)\Amazon Corretto\jdk11.0.13_8\bin;C:\apache-maven-3.8.4-bin\apache-maven-3.8.4\bin;C:\WebDriver\bin;C:\Program Files\Git\cmd;C:\projects\allure-2.17.3\bin;C:\Users\Kim_Pykhov\AppData\Local\Microsoft\WindowsApps;C:\Program Files\JetBrains\IntelliJ IDEA Community Edition 2021.2.3\bin;C:\Program Files\Zulu\zulu-11\bin;C:\Program Files\Git\usr\bin\vendor_perl;C:\Program Files\Git\usr\bin\core_perl;."/>
    <property name="java.vm.info" value="mixed mode"/>
    <property name="java.vendor" value="Azul Systems, Inc."/>
    <property name="java.vm.version" value="11.0.12+7-LTS"/>
    <property name="sun.io.unicode.encoding" value="UnicodeLittle"/>
    <property name="java.class.version" value="55.0"/>
  </properties>
  <testcase name="testCourierCreatSuccessBodyOkTrue" classname="ru.yandex.sprint3.CreateCourierTest" time="3.089"/>
  <testcase name="testCourierCreatReturnErrorIfNoOneField" classname="ru.yandex.sprint3.CreateCourierTest" time="0.273"/>
  <testcase name="testCourierCreatingWithRequiredFields" classname="ru.yandex.sprint3.CreateCourierTest" time="0.477"/>
  <testcase name="testCourierCreateReturnCorrectSatusCode" classname="ru.yandex.sprint3.CreateCourierTest" time="0.403"/>
  <testcase name="testCourierCreatReturnErrorIfLoginIsCreate" classname="ru.yandex.sprint3.CreateCourierTest" time="0.567"/>
  <testcase name="testCantCreateSameCourier" classname="ru.yandex.sprint3.CreateCourierTest" time="0.545"/>
  <testcase name="testCourierCanCreate" classname="ru.yandex.sprint3.CreateCourierTest" time="0.457"/>
</testsuite>